#
# There is insufficient memory for the Java Runtime Environment to continue.
# Native memory allocation (malloc) failed to allocate 160976 bytes for Chunk::new
# Possible reasons:
#   The system is out of physical RAM or swap space
#   The process is running with CompressedOops enabled, and the Java Heap may be blocking the growth of the native heap
# Possible solutions:
#   Reduce memory load on the system
#   Increase physical memory or swap space
#   Check if swap backing store is full
#   Decrease Java heap size (-Xmx/-Xms)
#   Decrease number of Java threads
#   Decrease Java thread stack sizes (-Xss)
#   Set larger code cache with -XX:ReservedCodeCacheSize=
#   JVM is running with Unscaled Compressed Oops mode in which the Java heap is
#     placed in the first 4GB address space. The Java Heap base address is the
#     maximum limit for the native heap growth. Please use -XX:HeapBaseMinAddress
#     to set the Java Heap base and to place the Java Heap above 4GB virtual address.
# This output file may be truncated or incomplete.
#
#  Out of Memory Error (arena.cpp:191), pid=18924, tid=8604
#
# JRE version: OpenJDK Runtime Environment Temurin-17.0.9+9 (17.0.9+9) (build 17.0.9+9)
# Java VM: OpenJDK 64-Bit Server VM Temurin-17.0.9+9 (17.0.9+9, mixed mode, tiered, compressed oops, compressed class ptrs, g1 gc, windows-amd64)
# No core dump will be written. Minidumps are not enabled by default on client versions of Windows
#

---------------  S U M M A R Y ------------

Command Line: -Dfile.encoding=UTF-8 -Dstdout.encoding=UTF-8 -Dstderr.encoding=UTF-8 -XX:+ShowCodeDetailsInExceptionMessages com.example.demo.TunehubApplication

Host: Intel(R) Core(TM) i5-8250U CPU @ 1.60GHz, 8 cores, 7G,  Windows 11 , 64 bit Build 22621 (10.0.22621.2506)
Time: Wed Feb  7 22:53:58 2024 India Standard Time elapsed time: 1791.628414 seconds (0d 0h 29m 51s)

---------------  T H R E A D  ---------------

Current thread (0x00000198fe73a910):  JavaThread "C2 CompilerThread0" daemon [_thread_in_native, id=8604, stack(0x000000078f200000,0x000000078f300000)]


Current CompileTask:
C2:1791628 11763       4       org.thymeleaf.engine.ElementDefinitions::buildHTMLElementDefinition (208 bytes)

Stack: [0x000000078f200000,0x000000078f300000]
Native frames: (J=compiled Java code, j=interpreted, Vv=VM code, C=native code)
V  [jvm.dll+0x67cf49]
V  [jvm.dll+0x83478a]
V  [jvm.dll+0x83624e]
V  [jvm.dll+0x8368b3]
V  [jvm.dll+0x247f1f]
V  [jvm.dll+0xac43c]
V  [jvm.dll+0xaca8c]
V  [jvm.dll+0x367012]
V  [jvm.dll+0x1bd3b6]
V  [jvm.dll+0x21a709]
V  [jvm.dll+0x2199d1]
V  [jvm.dll+0x1a57cd]
V  [jvm.dll+0x2297ae]
V  [jvm.dll+0x22797c]
V  [jvm.dll+0x7e9877]
V  [jvm.dll+0x7e3c3a]
V  [jvm.dll+0x67be35]
C  [ucrtbase.dll+0x29363]
C  [KERNEL32.DLL+0x1257d]
C  [ntdll.dll+0x5aa58]


---------------  P R O C E S S  ---------------

Threads class SMR info:
_java_thread_list=0x000001988644f340, length=31, elements={
0x00000198fe6bd1f0, 0x00000198fe6bddb0, 0x00000198fe7277a0, 0x00000198fe728360,
0x00000198fe72bd40, 0x00000198fe736720, 0x00000198fe73a910, 0x00000198fe73b310,
0x00000198fe73c4f0, 0x00000198fe8932e0, 0x00000198fe8a90f0, 0x0000019885b80140,
0x000001988660e320, 0x0000019884b6eb80, 0x0000019885d040d0, 0x0000019885cfeac0,
0x0000019885cfefd0, 0x0000019885d01d60, 0x0000019885cff4e0, 0x0000019885cff9f0,
0x0000019885d02270, 0x0000019885d00410, 0x0000019885d02c90, 0x0000019885d031a0,
0x0000019885d01340, 0x0000019885d01850, 0x0000019885d045e0, 0x0000019885cfd170,
0x0000019885cfd680, 0x0000019885cfdb90, 0x000001988660bfb0
}

Java Threads: ( => current thread )
  0x00000198fe6bd1f0 JavaThread "Reference Handler" daemon [_thread_blocked, id=15500, stack(0x000000078ec00000,0x000000078ed00000)]
  0x00000198fe6bddb0 JavaThread "Finalizer" daemon [_thread_blocked, id=16372, stack(0x000000078ed00000,0x000000078ee00000)]
  0x00000198fe7277a0 JavaThread "Signal Dispatcher" daemon [_thread_blocked, id=11028, stack(0x000000078ee00000,0x000000078ef00000)]
  0x00000198fe728360 JavaThread "Attach Listener" daemon [_thread_blocked, id=18012, stack(0x000000078ef00000,0x000000078f000000)]
  0x00000198fe72bd40 JavaThread "Service Thread" daemon [_thread_blocked, id=22076, stack(0x000000078f000000,0x000000078f100000)]
  0x00000198fe736720 JavaThread "Monitor Deflation Thread" daemon [_thread_blocked, id=15760, stack(0x000000078f100000,0x000000078f200000)]
=>0x00000198fe73a910 JavaThread "C2 CompilerThread0" daemon [_thread_in_native, id=8604, stack(0x000000078f200000,0x000000078f300000)]
  0x00000198fe73b310 JavaThread "C1 CompilerThread0" daemon [_thread_blocked, id=5988, stack(0x000000078f300000,0x000000078f400000)]
  0x00000198fe73c4f0 JavaThread "Sweeper thread" daemon [_thread_blocked, id=17740, stack(0x000000078f400000,0x000000078f500000)]
  0x00000198fe8932e0 JavaThread "Notification Thread" daemon [_thread_blocked, id=22124, stack(0x000000078f500000,0x000000078f600000)]
  0x00000198fe8a90f0 JavaThread "Common-Cleaner" daemon [_thread_blocked, id=3764, stack(0x000000078f700000,0x000000078f800000)]
  0x0000019885b80140 JavaThread "mysql-cj-abandoned-connection-cleanup" daemon [_thread_blocked, id=24156, stack(0x0000000790700000,0x0000000790800000)]
  0x000001988660e320 JavaThread "Live Reload Server" daemon [_thread_in_native, id=23936, stack(0x0000000790d00000,0x0000000790e00000)]
  0x0000019884b6eb80 JavaThread "DestroyJavaVM" [_thread_blocked, id=2016, stack(0x000000078e500000,0x000000078e600000)]
  0x0000019885d040d0 JavaThread "Catalina-utility-1" [_thread_blocked, id=11984, stack(0x000000078f800000,0x000000078f900000)]
  0x0000019885cfeac0 JavaThread "Catalina-utility-2" [_thread_blocked, id=15720, stack(0x000000078f900000,0x000000078fa00000)]
  0x0000019885cfefd0 JavaThread "container-0" [_thread_blocked, id=18804, stack(0x000000078fa00000,0x000000078fb00000)]
  0x0000019885d01d60 JavaThread "HikariPool-8 housekeeper" daemon [_thread_blocked, id=9440, stack(0x0000000790000000,0x0000000790100000)]
  0x0000019885cff4e0 JavaThread "File Watcher" daemon [_thread_blocked, id=5048, stack(0x0000000790500000,0x0000000790600000)]
  0x0000019885cff9f0 JavaThread "http-nio-8080-exec-1" daemon [_thread_blocked, id=20668, stack(0x0000000790600000,0x0000000790700000)]
  0x0000019885d02270 JavaThread "http-nio-8080-exec-2" daemon [_thread_blocked, id=19096, stack(0x0000000790800000,0x0000000790900000)]
  0x0000019885d00410 JavaThread "http-nio-8080-exec-3" daemon [_thread_blocked, id=18092, stack(0x0000000790900000,0x0000000790a00000)]
  0x0000019885d02c90 JavaThread "http-nio-8080-exec-4" daemon [_thread_blocked, id=5052, stack(0x0000000790a00000,0x0000000790b00000)]
  0x0000019885d031a0 JavaThread "http-nio-8080-exec-5" daemon [_thread_blocked, id=7480, stack(0x0000000790b00000,0x0000000790c00000)]
  0x0000019885d01340 JavaThread "http-nio-8080-exec-6" daemon [_thread_blocked, id=20956, stack(0x0000000790c00000,0x0000000790d00000)]
  0x0000019885d01850 JavaThread "http-nio-8080-exec-7" daemon [_thread_blocked, id=19624, stack(0x0000000790e00000,0x0000000790f00000)]
  0x0000019885d045e0 JavaThread "http-nio-8080-exec-8" daemon [_thread_blocked, id=5636, stack(0x0000000790f00000,0x0000000791000000)]
  0x0000019885cfd170 JavaThread "http-nio-8080-exec-9" daemon [_thread_blocked, id=22216, stack(0x0000000791000000,0x0000000791100000)]
  0x0000019885cfd680 JavaThread "http-nio-8080-exec-10" daemon [_thread_blocked, id=6392, stack(0x0000000791100000,0x0000000791200000)]
  0x0000019885cfdb90 JavaThread "http-nio-8080-Poller" daemon [_thread_in_native, id=12808, stack(0x0000000791200000,0x0000000791300000)]
  0x000001988660bfb0 JavaThread "http-nio-8080-Acceptor" daemon [_thread_in_native, id=10704, stack(0x0000000791300000,0x0000000791400000)]

Other Threads:
  0x00000198fe6ef300 VMThread "VM Thread" [stack: 0x000000078eb00000,0x000000078ec00000] [id=3388]
  0x00000198fe895ff0 WatcherThread [stack: 0x000000078f600000,0x000000078f700000] [id=18856]
  0x00000198e4784ac0 GCTaskThread "GC Thread#0" [stack: 0x000000078e600000,0x000000078e700000] [id=19344]
  0x00000198feffed50 GCTaskThread "GC Thread#1" [stack: 0x000000078fb00000,0x000000078fc00000] [id=12164]
  0x000001988416e3e0 GCTaskThread "GC Thread#2" [stack: 0x000000078fc00000,0x000000078fd00000] [id=2720]
  0x000001988416e6a0 GCTaskThread "GC Thread#3" [stack: 0x000000078fd00000,0x000000078fe00000] [id=8720]
  0x000001988416e960 GCTaskThread "GC Thread#4" [stack: 0x000000078fe00000,0x000000078ff00000] [id=316]
  0x00000198ff2d8a60 GCTaskThread "GC Thread#5" [stack: 0x000000078ff00000,0x0000000790000000] [id=23628]
  0x00000198842a63f0 GCTaskThread "GC Thread#6" [stack: 0x0000000790100000,0x0000000790200000] [id=22508]
  0x000001988449c5d0 GCTaskThread "GC Thread#7" [stack: 0x0000000790200000,0x0000000790300000] [id=16632]
  0x00000198e4795eb0 ConcurrentGCThread "G1 Main Marker" [stack: 0x000000078e700000,0x000000078e800000] [id=20564]
  0x00000198e4797780 ConcurrentGCThread "G1 Conc#0" [stack: 0x000000078e800000,0x000000078e900000] [id=1860]
  0x00000198843fbc80 ConcurrentGCThread "G1 Conc#1" [stack: 0x0000000790300000,0x0000000790400000] [id=18780]
  0x00000198e47ce6f0 ConcurrentGCThread "G1 Refine#0" [stack: 0x000000078e900000,0x000000078ea00000] [id=21744]
  0x00000198fe526140 ConcurrentGCThread "G1 Service" [stack: 0x000000078ea00000,0x000000078eb00000] [id=16216]

Threads with active compile tasks:
C2 CompilerThread0  1791694 11763       4       org.thymeleaf.engine.ElementDefinitions::buildHTMLElementDefinition (208 bytes)

VM state: not at safepoint (normal execution)

VM Mutex/Monitor currently owned by a thread: None

Heap address: 0x0000000081800000, size: 2024 MB, Compressed Oops mode: 32-bit

CDS archive(s) not mapped
Compressed class space mapped at: 0x0000000100000000-0x0000000140000000, reserved size: 1073741824
Narrow klass base: 0x0000000000000000, Narrow klass shift: 3, Narrow klass range: 0x140000000

GC Precious Log:
 CPUs: 8 total, 8 available
 Memory: 8089M
 Large Page Support: Disabled
 NUMA Support: Disabled
 Compressed Oops: Enabled (32-bit)
 Heap Region Size: 1M
 Heap Min Capacity: 8M
 Heap Initial Capacity: 128M
 Heap Max Capacity: 2024M
 Pre-touch: Disabled
 Parallel Workers: 8
 Concurrent Workers: 2
 Concurrent Refinement Workers: 8
 Periodic GC: Disabled

Heap:
 garbage-first heap   total 84992K, used 41838K [0x0000000081800000, 0x0000000100000000)
  region size 1024K, 14 young (14336K), 3 survivors (3072K)
 Metaspace       used 87513K, committed 88256K, reserved 1179648K
  class space    used 10968K, committed 11328K, reserved 1048576K

Heap Regions: E=young(eden), S=young(survivor), O=old, HS=humongous(starts), HC=humongous(continues), CS=collection set, F=free, OA=open archive, CA=closed archive, TAMS=top-at-mark-start (previous, next)
|   0|0x0000000081800000, 0x0000000081900000, 0x0000000081900000|100%|HS|  |TAMS 0x0000000081900000, 0x0000000081800000| Untracked 
|   1|0x0000000081900000, 0x0000000081a00000, 0x0000000081a00000|100%| O|  |TAMS 0x0000000081a00000, 0x0000000081900000| Untracked 
|   2|0x0000000081a00000, 0x0000000081b00000, 0x0000000081b00000|100%| O|  |TAMS 0x0000000081b00000, 0x0000000081a00000| Untracked 
|   3|0x0000000081b00000, 0x0000000081bfffd8, 0x0000000081c00000| 99%| O|  |TAMS 0x0000000081bfffd8, 0x0000000081b00000| Untracked 
|   4|0x0000000081c00000, 0x0000000081d00000, 0x0000000081d00000|100%| O|  |TAMS 0x0000000081d00000, 0x0000000081c00000| Untracked 
|   5|0x0000000081d00000, 0x0000000081e00000, 0x0000000081e00000|100%| O|  |TAMS 0x0000000081e00000, 0x0000000081d00000| Untracked 
|   6|0x0000000081e00000, 0x0000000081f00000, 0x0000000081f00000|100%| O|  |TAMS 0x0000000081f00000, 0x0000000081e00000| Untracked 
|   7|0x0000000081f00000, 0x0000000081ffffc8, 0x0000000082000000| 99%| O|  |TAMS 0x0000000081ffffc8, 0x0000000081f00000| Untracked 
|   8|0x0000000082000000, 0x00000000820ffff0, 0x0000000082100000| 99%| O|  |TAMS 0x00000000820ffff0, 0x0000000082000000| Untracked 
|   9|0x0000000082100000, 0x00000000821fffc8, 0x0000000082200000| 99%| O|  |TAMS 0x00000000821fffc8, 0x0000000082100000| Untracked 
|  10|0x0000000082200000, 0x00000000822fffc0, 0x0000000082300000| 99%| O|  |TAMS 0x00000000822fffc0, 0x0000000082200000| Untracked 
|  11|0x0000000082300000, 0x00000000823fffe0, 0x0000000082400000| 99%| O|  |TAMS 0x00000000823fffe0, 0x0000000082300000| Untracked 
|  12|0x0000000082400000, 0x00000000824ffff8, 0x0000000082500000| 99%| O|  |TAMS 0x00000000824ffff8, 0x0000000082400000| Untracked 
|  13|0x0000000082500000, 0x00000000825ffff8, 0x0000000082600000| 99%| O|  |TAMS 0x00000000825ffff8, 0x0000000082500000| Untracked 
|  14|0x0000000082600000, 0x00000000826fff60, 0x0000000082700000| 99%| O|  |TAMS 0x00000000826fff60, 0x0000000082600000| Untracked 
|  15|0x0000000082700000, 0x0000000082800000, 0x0000000082800000|100%| O|  |TAMS 0x0000000082800000, 0x0000000082700000| Untracked 
|  16|0x0000000082800000, 0x00000000828fffe0, 0x0000000082900000| 99%| O|  |TAMS 0x00000000828fffe0, 0x0000000082800000| Untracked 
|  17|0x0000000082900000, 0x00000000829fffc8, 0x0000000082a00000| 99%| O|  |TAMS 0x00000000829fffc8, 0x0000000082900000| Untracked 
|  18|0x0000000082a00000, 0x0000000082affff0, 0x0000000082b00000| 99%| O|  |TAMS 0x0000000082affff0, 0x0000000082a00000| Untracked 
|  19|0x0000000082b00000, 0x0000000082bffd68, 0x0000000082c00000| 99%| O|  |TAMS 0x0000000082bffd68, 0x0000000082b00000| Untracked 
|  20|0x0000000082c00000, 0x0000000082d00000, 0x0000000082d00000|100%| O|  |TAMS 0x0000000082d00000, 0x0000000082c00000| Untracked 
|  21|0x0000000082d00000, 0x0000000082dfffb8, 0x0000000082e00000| 99%| O|  |TAMS 0x0000000082dfffb8, 0x0000000082d00000| Untracked 
|  22|0x0000000082e00000, 0x0000000082eaec68, 0x0000000082f00000| 68%| O|  |TAMS 0x0000000082e00000, 0x0000000082e00000| Untracked 
|  23|0x0000000082f00000, 0x0000000082ffffd8, 0x0000000083000000| 99%| O|  |TAMS 0x0000000082f00000, 0x0000000082f00000| Untracked 
|  24|0x0000000083000000, 0x00000000830fffe0, 0x0000000083100000| 99%| O|  |TAMS 0x0000000083000000, 0x0000000083000000| Untracked 
|  25|0x0000000083100000, 0x00000000831a47b0, 0x0000000083200000| 64%| O|  |TAMS 0x0000000083100000, 0x0000000083100000| Untracked 
|  26|0x0000000083200000, 0x0000000083300000, 0x0000000083300000|100%| O|  |TAMS 0x0000000083200000, 0x0000000083200000| Untracked 
|  27|0x0000000083300000, 0x00000000833f8ed0, 0x0000000083400000| 97%| O|  |TAMS 0x0000000083300000, 0x0000000083300000| Untracked 
|  28|0x0000000083400000, 0x0000000083500000, 0x0000000083500000|100%| O|  |TAMS 0x0000000083400000, 0x0000000083400000| Untracked 
|  29|0x0000000083500000, 0x0000000083554e60, 0x0000000083600000| 33%| O|  |TAMS 0x0000000083500000, 0x0000000083500000| Untracked 
|  30|0x0000000083600000, 0x00000000836a4a00, 0x0000000083700000| 64%| O|  |TAMS 0x0000000083600000, 0x0000000083600000| Untracked 
|  31|0x0000000083700000, 0x0000000083700000, 0x0000000083800000|  0%| F|  |TAMS 0x0000000083700000, 0x0000000083700000| Untracked 
|  32|0x0000000083800000, 0x0000000083800000, 0x0000000083900000|  0%| F|  |TAMS 0x0000000083800000, 0x0000000083800000| Untracked 
|  33|0x0000000083900000, 0x0000000083900000, 0x0000000083a00000|  0%| F|  |TAMS 0x0000000083900000, 0x0000000083900000| Untracked 
|  34|0x0000000083a00000, 0x0000000083a00000, 0x0000000083b00000|  0%| F|  |TAMS 0x0000000083a00000, 0x0000000083a00000| Untracked 
|  35|0x0000000083b00000, 0x0000000083b00000, 0x0000000083c00000|  0%| F|  |TAMS 0x0000000083b00000, 0x0000000083b00000| Untracked 
|  36|0x0000000083c00000, 0x0000000083c00000, 0x0000000083d00000|  0%| F|  |TAMS 0x0000000083c00000, 0x0000000083c00000| Untracked 
|  37|0x0000000083d00000, 0x0000000083d00000, 0x0000000083e00000|  0%| F|  |TAMS 0x0000000083d00000, 0x0000000083d00000| Untracked 
|  38|0x0000000083e00000, 0x0000000083e00000, 0x0000000083f00000|  0%| F|  |TAMS 0x0000000083e00000, 0x0000000083e00000| Untracked 
|  39|0x0000000083f00000, 0x0000000083f00000, 0x0000000084000000|  0%| F|  |TAMS 0x0000000083f00000, 0x0000000083f00000| Untracked 
|  40|0x0000000084000000, 0x0000000084000000, 0x0000000084100000|  0%| F|  |TAMS 0x0000000084000000, 0x0000000084000000| Untracked 
|  41|0x0000000084100000, 0x0000000084100000, 0x0000000084200000|  0%| F|  |TAMS 0x0000000084100000, 0x0000000084100000| Untracked 
|  42|0x0000000084200000, 0x0000000084200000, 0x0000000084300000|  0%| F|  |TAMS 0x0000000084200000, 0x0000000084200000| Untracked 
|  43|0x0000000084300000, 0x0000000084300000, 0x0000000084400000|  0%| F|  |TAMS 0x0000000084300000, 0x0000000084300000| Untracked 
|  44|0x0000000084400000, 0x0000000084400000, 0x0000000084500000|  0%| F|  |TAMS 0x0000000084400000, 0x0000000084400000| Untracked 
|  45|0x0000000084500000, 0x0000000084500000, 0x0000000084600000|  0%| F|  |TAMS 0x0000000084500000, 0x0000000084500000| Untracked 
|  46|0x0000000084600000, 0x0000000084696300, 0x0000000084700000| 58%| S|CS|TAMS 0x0000000084600000, 0x0000000084600000| Complete 
|  47|0x0000000084700000, 0x0000000084800000, 0x0000000084800000|100%| S|CS|TAMS 0x0000000084700000, 0x0000000084700000| Complete 
|  48|0x0000000084800000, 0x0000000084900000, 0x0000000084900000|100%| S|CS|TAMS 0x0000000084800000, 0x0000000084800000| Complete 
|  49|0x0000000084900000, 0x0000000084900000, 0x0000000084a00000|  0%| F|  |TAMS 0x0000000084900000, 0x0000000084900000| Untracked 
|  50|0x0000000084a00000, 0x0000000084a00000, 0x0000000084b00000|  0%| F|  |TAMS 0x0000000084a00000, 0x0000000084a00000| Untracked 
|  51|0x0000000084b00000, 0x0000000084b00000, 0x0000000084c00000|  0%| F|  |TAMS 0x0000000084b00000, 0x0000000084b00000| Untracked 
|  52|0x0000000084c00000, 0x0000000084c00000, 0x0000000084d00000|  0%| F|  |TAMS 0x0000000084c00000, 0x0000000084c00000| Untracked 
|  53|0x0000000084d00000, 0x0000000084d00000, 0x0000000084e00000|  0%| F|  |TAMS 0x0000000084d00000, 0x0000000084d00000| Untracked 
|  54|0x0000000084e00000, 0x0000000084e00000, 0x0000000084f00000|  0%| F|  |TAMS 0x0000000084e00000, 0x0000000084e00000| Untracked 
|  55|0x0000000084f00000, 0x0000000084f00000, 0x0000000085000000|  0%| F|  |TAMS 0x0000000084f00000, 0x0000000084f00000| Untracked 
|  56|0x0000000085000000, 0x0000000085000000, 0x0000000085100000|  0%| F|  |TAMS 0x0000000085000000, 0x0000000085000000| Untracked 
|  57|0x0000000085100000, 0x0000000085100000, 0x0000000085200000|  0%| F|  |TAMS 0x0000000085100000, 0x0000000085100000| Untracked 
|  58|0x0000000085200000, 0x0000000085200000, 0x0000000085300000|  0%| F|  |TAMS 0x0000000085200000, 0x0000000085200000| Untracked 
|  59|0x0000000085300000, 0x0000000085300000, 0x0000000085400000|  0%| F|  |TAMS 0x0000000085300000, 0x0000000085300000| Untracked 
|  60|0x0000000085400000, 0x0000000085400000, 0x0000000085500000|  0%| F|  |TAMS 0x0000000085400000, 0x0000000085400000| Untracked 
|  61|0x0000000085500000, 0x0000000085500000, 0x0000000085600000|  0%| F|  |TAMS 0x0000000085500000, 0x0000000085500000| Untracked 
|  62|0x0000000085600000, 0x0000000085600000, 0x0000000085700000|  0%| F|  |TAMS 0x0000000085600000, 0x0000000085600000| Untracked 
|  63|0x0000000085700000, 0x0000000085700000, 0x0000000085800000|  0%| F|  |TAMS 0x0000000085700000, 0x0000000085700000| Untracked 
|  64|0x0000000085800000, 0x0000000085800000, 0x0000000085900000|  0%| F|  |TAMS 0x0000000085800000, 0x0000000085800000| Untracked 
|  65|0x0000000085900000, 0x0000000085900000, 0x0000000085a00000|  0%| F|  |TAMS 0x0000000085900000, 0x0000000085900000| Untracked 
|  66|0x0000000085a00000, 0x0000000085a00000, 0x0000000085b00000|  0%| F|  |TAMS 0x0000000085a00000, 0x0000000085a00000| Untracked 
|  67|0x0000000085b00000, 0x0000000085b00000, 0x0000000085c00000|  0%| F|  |TAMS 0x0000000085b00000, 0x0000000085b00000| Untracked 
|  68|0x0000000085c00000, 0x0000000085c00000, 0x0000000085d00000|  0%| F|  |TAMS 0x0000000085c00000, 0x0000000085c00000| Untracked 
|  69|0x0000000085d00000, 0x0000000085d00000, 0x0000000085e00000|  0%| F|  |TAMS 0x0000000085d00000, 0x0000000085d00000| Untracked 
|  70|0x0000000085e00000, 0x0000000085e00000, 0x0000000085f00000|  0%| F|  |TAMS 0x0000000085e00000, 0x0000000085e00000| Untracked 
|  71|0x0000000085f00000, 0x0000000085f00000, 0x0000000086000000|  0%| F|  |TAMS 0x0000000085f00000, 0x0000000085f00000| Untracked 
|  72|0x0000000086000000, 0x00000000860adfc0, 0x0000000086100000| 67%| E|  |TAMS 0x0000000086000000, 0x0000000086000000| Complete 
|  73|0x0000000086100000, 0x0000000086200000, 0x0000000086200000|100%| E|  |TAMS 0x0000000086100000, 0x0000000086100000| Complete 
|  74|0x0000000086200000, 0x0000000086300000, 0x0000000086300000|100%| E|CS|TAMS 0x0000000086200000, 0x0000000086200000| Complete 
|  75|0x0000000086300000, 0x0000000086400000, 0x0000000086400000|100%| E|CS|TAMS 0x0000000086300000, 0x0000000086300000| Complete 
|  76|0x0000000086400000, 0x0000000086500000, 0x0000000086500000|100%| E|CS|TAMS 0x0000000086400000, 0x0000000086400000| Complete 
|  77|0x0000000086500000, 0x0000000086600000, 0x0000000086600000|100%| E|CS|TAMS 0x0000000086500000, 0x0000000086500000| Complete 
|  78|0x0000000086600000, 0x0000000086700000, 0x0000000086700000|100%| E|CS|TAMS 0x0000000086600000, 0x0000000086600000| Complete 
|  94|0x0000000087600000, 0x0000000087700000, 0x0000000087700000|100%| E|CS|TAMS 0x0000000087600000, 0x0000000087600000| Complete 
|  95|0x0000000087700000, 0x0000000087800000, 0x0000000087800000|100%| E|CS|TAMS 0x0000000087700000, 0x0000000087700000| Complete 
|  96|0x0000000087800000, 0x0000000087900000, 0x0000000087900000|100%| E|CS|TAMS 0x0000000087800000, 0x0000000087800000| Complete 
| 127|0x0000000089700000, 0x0000000089800000, 0x0000000089800000|100%| E|CS|TAMS 0x0000000089700000, 0x0000000089700000| Complete 

Card table byte_map: [0x00000198f7510000,0x00000198f7910000] _byte_map_base: 0x00000198f7104000

Marking Bits (Prev, Next): (CMBitMap*) 0x00000198e4785120, (CMBitMap*) 0x00000198e47850e0
 Prev Bits: [0x00000198f9cb0000, 0x00000198fbc50000)
 Next Bits: [0x00000198f7d10000, 0x00000198f9cb0000)

Polling page: 0x00000198e3ed0000

Metaspace:

Usage:
  Non-class:     74.75 MB used.
      Class:     10.71 MB used.
       Both:     85.46 MB used.

Virtual space:
  Non-class space:      128.00 MB reserved,      75.12 MB ( 59%) committed,  2 nodes.
      Class space:        1.00 GB reserved,      11.06 MB (  1%) committed,  1 nodes.
             Both:        1.12 GB reserved,      86.19 MB (  7%) committed. 

Chunk freelists:
   Non-Class:  4.88 MB
       Class:  4.98 MB
        Both:  9.86 MB

MaxMetaspaceSize: unlimited
CompressedClassSpaceSize: 1.00 GB
Initial GC threshold: 21.00 MB
Current GC threshold: 142.75 MB
CDS: off
MetaspaceReclaimPolicy: balanced
 - commit_granule_bytes: 65536.
 - commit_granule_words: 8192.
 - virtual_space_node_default_size: 8388608.
 - enlarge_chunks_in_place: 1.
 - new_chunks_are_fully_committed: 0.
 - uncommit_free_chunks: 1.
 - use_allocation_guard: 0.
 - handle_deallocations: 1.


Internal statistics:

num_allocs_failed_limit: 12.
num_arena_births: 1018.
num_arena_deaths: 10.
num_vsnodes_births: 3.
num_vsnodes_deaths: 0.
num_space_committed: 1379.
num_space_uncommitted: 0.
num_chunks_returned_to_freelist: 23.
num_chunks_taken_from_freelist: 4027.
num_chunk_merges: 12.
num_chunk_splits: 2763.
num_chunks_enlarged: 2000.
num_inconsistent_stats: 0.

CodeHeap 'non-profiled nmethods': size=120000Kb used=7640Kb max_used=7640Kb free=112359Kb
 bounds [0x00000198ef8b0000, 0x00000198f0030000, 0x00000198f6de0000]
CodeHeap 'profiled nmethods': size=120000Kb used=18898Kb max_used=18898Kb free=101102Kb
 bounds [0x00000198e7de0000, 0x00000198e9060000, 0x00000198ef310000]
CodeHeap 'non-nmethods': size=5760Kb used=1388Kb max_used=1475Kb free=4371Kb
 bounds [0x00000198ef310000, 0x00000198ef580000, 0x00000198ef8b0000]
 total_blobs=10926 nmethods=10201 adapters=636
 compilation: enabled
              stopped_count=0, restarted_count=0
 full_count=0

Compilation events (20 events):
Event: 1791.557 Thread 0x00000198fe73b310 nmethod 11756 0x00000198f0024d90 code [0x00000198f0024f20, 0x00000198f0024ff8]
Event: 1791.560 Thread 0x00000198fe73b310 11757       3       java.util.Collections$UnmodifiableMap::hashCode (10 bytes)
Event: 1791.560 Thread 0x00000198fe73b310 nmethod 11757 0x00000198e9052a10 code [0x00000198e9052bc0, 0x00000198e9052d88]
Event: 1791.560 Thread 0x00000198fe73b310 11758       3       org.springframework.util.LinkedCaseInsensitiveMap::hashCode (8 bytes)
Event: 1791.560 Thread 0x00000198fe73b310 nmethod 11758 0x00000198e9052e90 code [0x00000198e9053040, 0x00000198e9053208]
Event: 1791.562 Thread 0x00000198fe73a910 11759       4       java.util.EnumMap::get (29 bytes)
Event: 1791.564 Thread 0x00000198fe73b310 11762       3       java.util.EnumMap$EntryIterator$Entry::checkIndexForEntryUse (18 bytes)
Event: 1791.564 Thread 0x00000198fe73a910 nmethod 11759 0x00000198f0025090 code [0x00000198f0025220, 0x00000198f0025378]
Event: 1791.564 Thread 0x00000198fe73b310 nmethod 11762 0x00000198e9053310 code [0x00000198e90534c0, 0x00000198e90536c8]
Event: 1791.564 Thread 0x00000198fe73a910 11760       4       java.util.TimSort::binarySort (223 bytes)
Event: 1791.573 Thread 0x00000198fe73b310 11764       3       org.thymeleaf.context.AbstractEngineContext::getTemplateMode (8 bytes)
Event: 1791.573 Thread 0x00000198fe73b310 nmethod 11764 0x00000198e9053790 code [0x00000198e9053940, 0x00000198e9053b28]
Event: 1791.573 Thread 0x00000198fe73b310 11765       3       org.thymeleaf.context.WebEngineContext::getTemplateData (8 bytes)
Event: 1791.573 Thread 0x00000198fe73b310 nmethod 11765 0x00000198e9053c10 code [0x00000198e9053dc0, 0x00000198e9053f08]
Event: 1791.575 Thread 0x00000198fe73b310 11766       3       org.attoparser.HtmlAutoOpenCloseElement::handleOpenElementStart (70 bytes)
Event: 1791.575 Thread 0x00000198fe73b310 nmethod 11766 0x00000198e9054010 code [0x00000198e90541e0, 0x00000198e9054788]
Event: 1791.575 Thread 0x00000198fe73b310 11767       3       org.apache.tomcat.util.http.MimeHeaders::getValue (26 bytes)
Event: 1791.576 Thread 0x00000198fe73b310 nmethod 11767 0x00000198e9054910 code [0x00000198e9054ac0, 0x00000198e9054cd8]
Event: 1791.578 Thread 0x00000198fe73a910 nmethod 11760 0x00000198f0025510 code [0x00000198f00256a0, 0x00000198f0025ef8]
Event: 1791.578 Thread 0x00000198fe73a910 11763       4       org.thymeleaf.engine.ElementDefinitions::buildHTMLElementDefinition (208 bytes)

GC Heap History (20 events):
Event: 1355.563 GC heap before
{Heap before GC invocations=43 (full 4):
 garbage-first heap   total 84992K, used 63076K [0x0000000081800000, 0x0000000100000000)
  region size 1024K, 34 young (34816K), 3 survivors (3072K)
 Metaspace       used 85764K, committed 86400K, reserved 1179648K
  class space    used 10853K, committed 11136K, reserved 1048576K
}
Event: 1355.576 GC heap after
{Heap after GC invocations=44 (full 4):
 garbage-first heap   total 84992K, used 33109K [0x0000000081800000, 0x0000000100000000)
  region size 1024K, 3 young (3072K), 3 survivors (3072K)
 Metaspace       used 85764K, committed 86400K, reserved 1179648K
  class space    used 10853K, committed 11136K, reserved 1048576K
}
Event: 1521.639 GC heap before
{Heap before GC invocations=44 (full 4):
 garbage-first heap   total 84992K, used 57685K [0x0000000081800000, 0x0000000100000000)
  region size 1024K, 28 young (28672K), 3 survivors (3072K)
 Metaspace       used 85826K, committed 86464K, reserved 1179648K
  class space    used 10856K, committed 11136K, reserved 1048576K
}
Event: 1522.347 GC heap after
{Heap after GC invocations=45 (full 5):
 garbage-first heap   total 84992K, used 26740K [0x0000000081800000, 0x0000000100000000)
  region size 1024K, 0 young (0K), 0 survivors (0K)
 Metaspace       used 85823K, committed 86464K, reserved 1179648K
  class space    used 10856K, committed 11136K, reserved 1048576K
}
Event: 1524.475 GC heap before
{Heap before GC invocations=45 (full 5):
 garbage-first heap   total 84992K, used 61556K [0x0000000081800000, 0x0000000100000000)
  region size 1024K, 35 young (35840K), 0 survivors (0K)
 Metaspace       used 85992K, committed 86720K, reserved 1179648K
  class space    used 10874K, committed 11200K, reserved 1048576K
}
Event: 1524.504 GC heap after
{Heap after GC invocations=46 (full 5):
 garbage-first heap   total 84992K, used 29593K [0x0000000081800000, 0x0000000100000000)
  region size 1024K, 3 young (3072K), 3 survivors (3072K)
 Metaspace       used 85992K, committed 86720K, reserved 1179648K
  class space    used 10874K, committed 11200K, reserved 1048576K
}
Event: 1526.344 GC heap before
{Heap before GC invocations=46 (full 5):
 garbage-first heap   total 84992K, used 63385K [0x0000000081800000, 0x0000000100000000)
  region size 1024K, 36 young (36864K), 3 survivors (3072K)
 Metaspace       used 86453K, committed 87168K, reserved 1179648K
  class space    used 10907K, committed 11264K, reserved 1048576K
}
Event: 1526.372 GC heap after
{Heap after GC invocations=47 (full 5):
 garbage-first heap   total 84992K, used 31897K [0x0000000081800000, 0x0000000100000000)
  region size 1024K, 3 young (3072K), 3 survivors (3072K)
 Metaspace       used 86453K, committed 87168K, reserved 1179648K
  class space    used 10907K, committed 11264K, reserved 1048576K
}
Event: 1550.747 GC heap before
{Heap before GC invocations=47 (full 5):
 garbage-first heap   total 84992K, used 47257K [0x0000000081800000, 0x0000000100000000)
  region size 1024K, 19 young (19456K), 3 survivors (3072K)
 Metaspace       used 86480K, committed 87232K, reserved 1179648K
  class space    used 10907K, committed 11264K, reserved 1048576K
}
Event: 1550.855 GC heap after
{Heap after GC invocations=48 (full 6):
 garbage-first heap   total 84992K, used 27807K [0x0000000081800000, 0x0000000100000000)
  region size 1024K, 0 young (0K), 0 survivors (0K)
 Metaspace       used 86478K, committed 87232K, reserved 1179648K
  class space    used 10907K, committed 11264K, reserved 1048576K
}
Event: 1552.371 GC heap before
{Heap before GC invocations=48 (full 6):
 garbage-first heap   total 84992K, used 62623K [0x0000000081800000, 0x0000000100000000)
  region size 1024K, 35 young (35840K), 0 survivors (0K)
 Metaspace       used 86574K, committed 87296K, reserved 1179648K
  class space    used 10917K, committed 11264K, reserved 1048576K
}
Event: 1552.377 GC heap after
{Heap after GC invocations=49 (full 6):
 garbage-first heap   total 84992K, used 30814K [0x0000000081800000, 0x0000000100000000)
  region size 1024K, 3 young (3072K), 3 survivors (3072K)
 Metaspace       used 86574K, committed 87296K, reserved 1179648K
  class space    used 10917K, committed 11264K, reserved 1048576K
}
Event: 1553.381 GC heap before
{Heap before GC invocations=49 (full 6):
 garbage-first heap   total 84992K, used 64606K [0x0000000081800000, 0x0000000100000000)
  region size 1024K, 36 young (36864K), 3 survivors (3072K)
 Metaspace       used 86951K, committed 87616K, reserved 1179648K
  class space    used 10933K, committed 11264K, reserved 1048576K
}
Event: 1553.398 GC heap after
{Heap after GC invocations=50 (full 6):
 garbage-first heap   total 84992K, used 32887K [0x0000000081800000, 0x0000000100000000)
  region size 1024K, 3 young (3072K), 3 survivors (3072K)
 Metaspace       used 86951K, committed 87616K, reserved 1179648K
  class space    used 10933K, committed 11264K, reserved 1048576K
}
Event: 1777.248 GC heap before
{Heap before GC invocations=50 (full 6):
 garbage-first heap   total 84992K, used 56439K [0x0000000081800000, 0x0000000100000000)
  region size 1024K, 27 young (27648K), 3 survivors (3072K)
 Metaspace       used 86962K, committed 87680K, reserved 1179648K
  class space    used 10934K, committed 11264K, reserved 1048576K
}
Event: 1777.731 GC heap after
{Heap after GC invocations=51 (full 7):
 garbage-first heap   total 84992K, used 27267K [0x0000000081800000, 0x0000000100000000)
  region size 1024K, 0 young (0K), 0 survivors (0K)
 Metaspace       used 86959K, committed 87680K, reserved 1179648K
  class space    used 10933K, committed 11264K, reserved 1048576K
}
Event: 1780.705 GC heap before
{Heap before GC invocations=51 (full 7):
 garbage-first heap   total 84992K, used 65155K [0x0000000081800000, 0x0000000100000000)
  region size 1024K, 37 young (37888K), 0 survivors (0K)
 Metaspace       used 87109K, committed 87872K, reserved 1179648K
  class space    used 10948K, committed 11264K, reserved 1048576K
}
Event: 1780.724 GC heap after
{Heap after GC invocations=52 (full 7):
 garbage-first heap   total 84992K, used 30396K [0x0000000081800000, 0x0000000100000000)
  region size 1024K, 4 young (4096K), 4 survivors (4096K)
 Metaspace       used 87109K, committed 87872K, reserved 1179648K
  class space    used 10948K, committed 11264K, reserved 1048576K
}
Event: 1781.644 GC heap before
{Heap before GC invocations=52 (full 7):
 garbage-first heap   total 84992K, used 65212K [0x0000000081800000, 0x0000000100000000)
  region size 1024K, 38 young (38912K), 4 survivors (4096K)
 Metaspace       used 87496K, committed 88256K, reserved 1179648K
  class space    used 10967K, committed 11328K, reserved 1048576K
}
Event: 1781.655 GC heap after
{Heap after GC invocations=53 (full 7):
 garbage-first heap   total 84992K, used 32622K [0x0000000081800000, 0x0000000100000000)
  region size 1024K, 3 young (3072K), 3 survivors (3072K)
 Metaspace       used 87496K, committed 88256K, reserved 1179648K
  class space    used 10967K, committed 11328K, reserved 1048576K
}

Dll operation events (9 events):
Event: 0.008 Loaded shared library C:\Users\RAVITEJA UPPUTOLLA\Downloads\sts-4.21.0.RELEASE\plugins\org.eclipse.justj.openjdk.hotspot.jre.full.win32.x86_64_17.0.9.v20231028-0858\jre\bin\java.dll
Event: 0.161 Loaded shared library C:\Users\RAVITEJA UPPUTOLLA\Downloads\sts-4.21.0.RELEASE\plugins\org.eclipse.justj.openjdk.hotspot.jre.full.win32.x86_64_17.0.9.v20231028-0858\jre\bin\net.dll
Event: 0.163 Loaded shared library C:\Users\RAVITEJA UPPUTOLLA\Downloads\sts-4.21.0.RELEASE\plugins\org.eclipse.justj.openjdk.hotspot.jre.full.win32.x86_64_17.0.9.v20231028-0858\jre\bin\nio.dll
Event: 0.174 Loaded shared library C:\Users\RAVITEJA UPPUTOLLA\Downloads\sts-4.21.0.RELEASE\plugins\org.eclipse.justj.openjdk.hotspot.jre.full.win32.x86_64_17.0.9.v20231028-0858\jre\bin\zip.dll
Event: 0.318 Loaded shared library C:\Users\RAVITEJA UPPUTOLLA\Downloads\sts-4.21.0.RELEASE\plugins\org.eclipse.justj.openjdk.hotspot.jre.full.win32.x86_64_17.0.9.v20231028-0858\jre\bin\jimage.dll
Event: 0.586 Loaded shared library C:\Users\RAVITEJA UPPUTOLLA\Downloads\sts-4.21.0.RELEASE\plugins\org.eclipse.justj.openjdk.hotspot.jre.full.win32.x86_64_17.0.9.v20231028-0858\jre\bin\management.dll
Event: 0.588 Loaded shared library C:\Users\RAVITEJA UPPUTOLLA\Downloads\sts-4.21.0.RELEASE\plugins\org.eclipse.justj.openjdk.hotspot.jre.full.win32.x86_64_17.0.9.v20231028-0858\jre\bin\management_ext.dll
Event: 1.464 Loaded shared library C:\Users\RAVITEJA UPPUTOLLA\Downloads\sts-4.21.0.RELEASE\plugins\org.eclipse.justj.openjdk.hotspot.jre.full.win32.x86_64_17.0.9.v20231028-0858\jre\bin\sunmscapi.dll
Event: 3.918 Loaded shared library C:\Users\RAVITEJA UPPUTOLLA\Downloads\sts-4.21.0.RELEASE\plugins\org.eclipse.justj.openjdk.hotspot.jre.full.win32.x86_64_17.0.9.v20231028-0858\jre\bin\verify.dll

Deoptimization events (20 events):
Event: 1780.837 Thread 0x0000019885d036b0 Uncommon trap: trap_request=0xffffffbe fr.pc=0x00000198eff96a3c relative=0x0000000000000c7c
Event: 1780.837 Thread 0x0000019885d036b0 Uncommon trap: reason=profile_predicate action=maybe_recompile pc=0x00000198eff96a3c method=java.math.BigInteger.montReduce([I[III)[I @ 56 c2
Event: 1780.837 Thread 0x0000019885d036b0 DEOPT PACKING pc=0x00000198eff96a3c sp=0x000000078e4fb880
Event: 1780.837 Thread 0x0000019885d036b0 DEOPT UNPACKING pc=0x00000198ef3669a3 sp=0x000000078e4fb848 mode 2
Event: 1781.126 Thread 0x0000019885d02780 DEOPT PACKING pc=0x00000198e8ddacbe sp=0x00000007904fdf20
Event: 1781.126 Thread 0x0000019885d02780 DEOPT UNPACKING pc=0x00000198ef367143 sp=0x00000007904fd3a0 mode 0
Event: 1781.367 Thread 0x0000019885d02780 DEOPT PACKING pc=0x00000198e8ddacbe sp=0x00000007904fdf20
Event: 1781.368 Thread 0x0000019885d02780 DEOPT UNPACKING pc=0x00000198ef367143 sp=0x00000007904fd3a0 mode 0
Event: 1781.789 Thread 0x0000019885cfcc60 Uncommon trap: trap_request=0xffffff45 fr.pc=0x00000198efe8570c relative=0x000000000000016c
Event: 1781.789 Thread 0x0000019885cfcc60 Uncommon trap: reason=unstable_if action=reinterpret pc=0x00000198efe8570c method=java.lang.ThreadLocal$ThreadLocalMap.getEntryAfterMiss(Ljava/lang/ThreadLocal;ILjava/lang/ThreadLocal$ThreadLocalMap$Entry;)Ljava/lang/ThreadLocal$ThreadLocalMap$Entry; @ 30
Event: 1781.789 Thread 0x0000019885cfcc60 DEOPT PACKING pc=0x00000198efe8570c sp=0x000000078e2ff190
Event: 1781.789 Thread 0x0000019885cfcc60 DEOPT UNPACKING pc=0x00000198ef3669a3 sp=0x000000078e2ff0a8 mode 2
Event: 1791.564 Thread 0x0000019885cff9f0 DEOPT PACKING pc=0x00000198e7df1e68 sp=0x00000007906fd290
Event: 1791.565 Thread 0x0000019885cff9f0 DEOPT UNPACKING pc=0x00000198ef367143 sp=0x00000007906fc798 mode 0
Event: 1791.566 Thread 0x0000019885cff9f0 DEOPT PACKING pc=0x00000198e7df1e68 sp=0x00000007906fd290
Event: 1791.566 Thread 0x0000019885cff9f0 DEOPT UNPACKING pc=0x00000198ef367143 sp=0x00000007906fc798 mode 0
Event: 1791.566 Thread 0x0000019885cff9f0 DEOPT PACKING pc=0x00000198e7df1e68 sp=0x00000007906fd290
Event: 1791.566 Thread 0x0000019885cff9f0 DEOPT UNPACKING pc=0x00000198ef367143 sp=0x00000007906fc798 mode 0
Event: 1791.567 Thread 0x0000019885cff9f0 DEOPT PACKING pc=0x00000198e7df1e68 sp=0x00000007906fd290
Event: 1791.567 Thread 0x0000019885cff9f0 DEOPT UNPACKING pc=0x00000198ef367143 sp=0x00000007906fc798 mode 0

Classes unloaded (5 events):
Event: 1234.785 Thread 0x00000198fe6ef300 Unloading class 0x0000000100a9c800 'org/apache/catalina/loader/JdbcLeakPrevention'
Event: 1352.828 Thread 0x00000198fe6ef300 Unloading class 0x0000000100ac4000 'org/apache/catalina/loader/JdbcLeakPrevention'
Event: 1521.753 Thread 0x00000198fe6ef300 Unloading class 0x0000000100ad1800 'org/apache/catalina/loader/JdbcLeakPrevention'
Event: 1550.771 Thread 0x00000198fe6ef300 Unloading class 0x0000000100adc800 'org/apache/catalina/loader/JdbcLeakPrevention'
Event: 1777.394 Thread 0x00000198fe6ef300 Unloading class 0x0000000100af0c00 'org/apache/catalina/loader/JdbcLeakPrevention'

Classes redefined (0 events):
No events

Internal exceptions (20 events):
Event: 1777.242 Thread 0x0000019885d03bc0 Exception <a 'java/lang/InterruptedException'{0x00000000853ff6b0}: sleep interrupted> (0x00000000853ff6b0) 
thrown [s\src\hotspot\share\prims\jvm.cpp, line 3064]
Event: 1778.294 Thread 0x0000019885d036b0 Exception <a 'sun/nio/fs/WindowsException'{0x000000008978bb40}> (0x000000008978bb40) 
thrown [s\src\hotspot\share\prims\jni.cpp, line 516]
Event: 1778.398 Thread 0x0000019885d036b0 Exception <a 'sun/nio/fs/WindowsException'{0x00000000877b9408}> (0x00000000877b9408) 
thrown [s\src\hotspot\share\prims\jni.cpp, line 516]
Event: 1779.657 Thread 0x0000019885d036b0 Exception <a 'sun/nio/fs/WindowsException'{0x00000000856e62f8}> (0x00000000856e62f8) 
thrown [s\src\hotspot\share\prims\jni.cpp, line 516]
Event: 1779.728 Thread 0x0000019885d036b0 Exception <a 'sun/nio/fs/WindowsException'{0x000000008556b810}> (0x000000008556b810) 
thrown [s\src\hotspot\share\prims\jni.cpp, line 516]
Event: 1779.958 Thread 0x0000019885d036b0 Exception <a 'java/lang/NoClassDefFoundError'{0x000000008529b558}: org/flywaydb/core/Flyway> (0x000000008529b558) 
thrown [s\src\hotspot\share\oops\constantPool.cpp, line 835]
Event: 1779.958 Thread 0x0000019885d036b0 Exception <a 'java/lang/NoClassDefFoundError'{0x000000008529bba8}: liquibase/integration/spring/SpringLiquibase> (0x000000008529bba8) 
thrown [s\src\hotspot\share\oops\constantPool.cpp, line 835]
Event: 1779.984 Thread 0x0000019885d036b0 Exception <a 'java/lang/NoClassDefFoundError'{0x00000000852ee948}: org/jooq/DSLContext> (0x00000000852ee948) 
thrown [s\src\hotspot\share\oops\constantPool.cpp, line 835]
Event: 1779.985 Thread 0x0000019885d036b0 Exception <a 'java/lang/NoClassDefFoundError'{0x00000000852f69d8}: org/springframework/batch/core/repository/JobRepository> (0x00000000852f69d8) 
thrown [s\src\hotspot\share\oops\constantPool.cpp, line 835]
Event: 1779.985 Thread 0x0000019885d036b0 Exception <a 'java/lang/NoClassDefFoundError'{0x00000000852f7020}: org/quartz/Scheduler> (0x00000000852f7020) 
thrown [s\src\hotspot\share\oops\constantPool.cpp, line 835]
Event: 1779.985 Thread 0x0000019885d036b0 Exception <a 'java/lang/NoClassDefFoundError'{0x00000000852f7690}: org/springframework/session/jdbc/JdbcIndexedSessionRepository> (0x00000000852f7690) 
thrown [s\src\hotspot\share\oops\constantPool.cpp, line 835]
Event: 1780.357 Thread 0x0000019885d036b0 Exception <a 'sun/nio/fs/WindowsException'{0x0000000084cc8d58}> (0x0000000084cc8d58) 
thrown [s\src\hotspot\share\prims\jni.cpp, line 516]
Event: 1780.360 Thread 0x0000019885d036b0 Exception <a 'sun/nio/fs/WindowsException'{0x0000000084cc9480}> (0x0000000084cc9480) 
thrown [s\src\hotspot\share\prims\jni.cpp, line 516]
Event: 1780.364 Thread 0x0000019885d036b0 Exception <a 'sun/nio/fs/WindowsException'{0x0000000084cc9b78}> (0x0000000084cc9b78) 
thrown [s\src\hotspot\share\prims\jni.cpp, line 516]
Event: 1780.437 Thread 0x0000019885d036b0 Exception <a 'java/io/FileNotFoundException'{0x0000000084b10940}> (0x0000000084b10940) 
thrown [s\src\hotspot\share\prims\jni.cpp, line 516]
Event: 1780.565 Thread 0x0000019885d036b0 Exception <a 'java/io/FileNotFoundException'{0x0000000084ac38b8}> (0x0000000084ac38b8) 
thrown [s\src\hotspot\share\prims\jni.cpp, line 516]
Event: 1780.670 Thread 0x0000019885d036b0 Exception <a 'sun/nio/fs/WindowsException'{0x0000000084641258}> (0x0000000084641258) 
thrown [s\src\hotspot\share\prims\jni.cpp, line 516]
Event: 1781.474 Thread 0x0000019885d036b0 Exception <a 'java/lang/reflect/InvocationTargetException'{0x0000000085476f00}> (0x0000000085476f00) 
thrown [s\src\hotspot\share\runtime\reflection.cpp, line 1121]
Event: 1781.523 Thread 0x0000019885d036b0 Exception <a 'java/lang/reflect/InvocationTargetException'{0x0000000084fc51c0}> (0x0000000084fc51c0) 
thrown [s\src\hotspot\share\runtime\reflection.cpp, line 1121]
Event: 1781.624 Thread 0x0000019885d036b0 Exception <a 'sun/nio/fs/WindowsException'{0x0000000084a49778}> (0x0000000084a49778) 
thrown [s\src\hotspot\share\prims\jni.cpp, line 516]

VM Operations (20 events):
Event: 1552.371 Executing VM operation: G1CollectForAllocation
Event: 1552.377 Executing VM operation: G1CollectForAllocation done
Event: 1553.381 Executing VM operation: G1CollectForAllocation
Event: 1553.400 Executing VM operation: G1CollectForAllocation done
Event: 1554.402 Executing VM operation: Cleanup
Event: 1554.402 Executing VM operation: Cleanup done
Event: 1563.702 Executing VM operation: HandshakeAllThreads
Event: 1563.702 Executing VM operation: HandshakeAllThreads done
Event: 1777.244 Executing VM operation: G1CollectFull
Event: 1777.732 Executing VM operation: G1CollectFull done
Event: 1778.746 Executing VM operation: Cleanup
Event: 1778.762 Executing VM operation: Cleanup done
Event: 1779.777 Executing VM operation: Cleanup
Event: 1779.778 Executing VM operation: Cleanup done
Event: 1780.705 Executing VM operation: G1CollectForAllocation
Event: 1780.724 Executing VM operation: G1CollectForAllocation done
Event: 1781.644 Executing VM operation: G1CollectForAllocation
Event: 1781.655 Executing VM operation: G1CollectForAllocation done
Event: 1782.662 Executing VM operation: Cleanup
Event: 1782.663 Executing VM operation: Cleanup done

Events (20 events):
Event: 1780.568 Thread 0x0000019885cfeac0 Thread added: 0x0000019885cfeac0
Event: 1780.568 Thread 0x0000019885cfefd0 Thread added: 0x0000019885cfefd0
Event: 1780.894 Thread 0x0000019885d01d60 Thread added: 0x0000019885d01d60
Event: 1781.001 Thread 0x0000019885d02780 Thread added: 0x0000019885d02780
Event: 1781.755 Thread 0x0000019885cff4e0 Thread added: 0x0000019885cff4e0
Event: 1781.767 Thread 0x0000019885cff9f0 Thread added: 0x0000019885cff9f0
Event: 1781.767 Thread 0x0000019885d02270 Thread added: 0x0000019885d02270
Event: 1781.767 Thread 0x0000019885d00410 Thread added: 0x0000019885d00410
Event: 1781.768 Thread 0x0000019885d02c90 Thread added: 0x0000019885d02c90
Event: 1781.768 Thread 0x0000019885d031a0 Thread added: 0x0000019885d031a0
Event: 1781.768 Thread 0x0000019885d01340 Thread added: 0x0000019885d01340
Event: 1781.768 Thread 0x0000019885d01850 Thread added: 0x0000019885d01850
Event: 1781.768 Thread 0x0000019885d045e0 Thread added: 0x0000019885d045e0
Event: 1781.769 Thread 0x0000019885cfd170 Thread added: 0x0000019885cfd170
Event: 1781.769 Thread 0x0000019885cfd680 Thread added: 0x0000019885cfd680
Event: 1781.779 Thread 0x0000019885cfdb90 Thread added: 0x0000019885cfdb90
Event: 1781.780 Thread 0x000001988660bfb0 Thread added: 0x000001988660bfb0
Event: 1781.789 Thread 0x0000019885d036b0 Thread exited: 0x0000019885d036b0
Event: 1781.789 Thread 0x0000019885cfcc60 Thread exited: 0x0000019885cfcc60
Event: 1786.485 Thread 0x0000019885d02780 Thread exited: 0x0000019885d02780


Dynamic libraries:
0x00007ff608380000 - 0x00007ff60838e000 	C:\Users\RAVITEJA UPPUTOLLA\Downloads\sts-4.21.0.RELEASE\plugins\org.eclipse.justj.openjdk.hotspot.jre.full.win32.x86_64_17.0.9.v20231028-0858\jre\bin\javaw.exe
0x00007ffe48890000 - 0x00007ffe48aa7000 	C:\WINDOWS\SYSTEM32\ntdll.dll
0x00007ffe47560000 - 0x00007ffe47624000 	C:\WINDOWS\System32\KERNEL32.DLL
0x00007ffe45e60000 - 0x00007ffe46206000 	C:\WINDOWS\System32\KERNELBASE.dll
0x00007ffe45d40000 - 0x00007ffe45e51000 	C:\WINDOWS\System32\ucrtbase.dll
0x00007ffe2cb70000 - 0x00007ffe2cb87000 	C:\Users\RAVITEJA UPPUTOLLA\Downloads\sts-4.21.0.RELEASE\plugins\org.eclipse.justj.openjdk.hotspot.jre.full.win32.x86_64_17.0.9.v20231028-0858\jre\bin\jli.dll
0x00007ffe2cb50000 - 0x00007ffe2cb6b000 	C:\Users\RAVITEJA UPPUTOLLA\Downloads\sts-4.21.0.RELEASE\plugins\org.eclipse.justj.openjdk.hotspot.jre.full.win32.x86_64_17.0.9.v20231028-0858\jre\bin\VCRUNTIME140.dll
0x00007ffe473b0000 - 0x00007ffe4755e000 	C:\WINDOWS\System32\USER32.dll
0x00007ffe2cd30000 - 0x00007ffe2cfc3000 	C:\WINDOWS\WinSxS\amd64_microsoft.windows.common-controls_6595b64144ccf1df_6.0.22621.2506_none_270c5ae97388e100\COMCTL32.dll
0x00007ffe464f0000 - 0x00007ffe46516000 	C:\WINDOWS\System32\win32u.dll
0x00007ffe46a90000 - 0x00007ffe46b37000 	C:\WINDOWS\System32\msvcrt.dll
0x00007ffe46dc0000 - 0x00007ffe46de9000 	C:\WINDOWS\System32\GDI32.dll
0x00007ffe463d0000 - 0x00007ffe464e8000 	C:\WINDOWS\System32\gdi32full.dll
0x00007ffe46210000 - 0x00007ffe462aa000 	C:\WINDOWS\System32\msvcp_win.dll
0x00007ffe46a50000 - 0x00007ffe46a81000 	C:\WINDOWS\System32\IMM32.DLL
0x00007ffe2f500000 - 0x00007ffe2f50c000 	C:\Users\RAVITEJA UPPUTOLLA\Downloads\sts-4.21.0.RELEASE\plugins\org.eclipse.justj.openjdk.hotspot.jre.full.win32.x86_64_17.0.9.v20231028-0858\jre\bin\vcruntime140_1.dll
0x00007ffe2a520000 - 0x00007ffe2a5ad000 	C:\Users\RAVITEJA UPPUTOLLA\Downloads\sts-4.21.0.RELEASE\plugins\org.eclipse.justj.openjdk.hotspot.jre.full.win32.x86_64_17.0.9.v20231028-0858\jre\bin\msvcp140.dll
0x00007ffdb6800000 - 0x00007ffdb7461000 	C:\Users\RAVITEJA UPPUTOLLA\Downloads\sts-4.21.0.RELEASE\plugins\org.eclipse.justj.openjdk.hotspot.jre.full.win32.x86_64_17.0.9.v20231028-0858\jre\bin\server\jvm.dll
0x00007ffe472f0000 - 0x00007ffe473a3000 	C:\WINDOWS\System32\ADVAPI32.dll
0x00007ffe46800000 - 0x00007ffe468a8000 	C:\WINDOWS\System32\sechost.dll
0x00007ffe462b0000 - 0x00007ffe462d8000 	C:\WINDOWS\System32\bcrypt.dll
0x00007ffe47fa0000 - 0x00007ffe480b7000 	C:\WINDOWS\System32\RPCRT4.dll
0x00007ffe348d0000 - 0x00007ffe348d9000 	C:\WINDOWS\SYSTEM32\WSOCK32.dll
0x00007ffe44a50000 - 0x00007ffe44a9d000 	C:\WINDOWS\SYSTEM32\POWRPROF.dll
0x00007ffe3ed90000 - 0x00007ffe3edc4000 	C:\WINDOWS\SYSTEM32\WINMM.dll
0x00007ffe47270000 - 0x00007ffe472e1000 	C:\WINDOWS\System32\WS2_32.dll
0x00007ffe3b130000 - 0x00007ffe3b13a000 	C:\WINDOWS\SYSTEM32\VERSION.dll
0x00007ffe44a30000 - 0x00007ffe44a43000 	C:\WINDOWS\SYSTEM32\UMPDC.dll
0x00007ffe44cf0000 - 0x00007ffe44d08000 	C:\WINDOWS\SYSTEM32\kernel.appcore.dll
0x00007ffe3f7a0000 - 0x00007ffe3f7aa000 	C:\Users\RAVITEJA UPPUTOLLA\Downloads\sts-4.21.0.RELEASE\plugins\org.eclipse.justj.openjdk.hotspot.jre.full.win32.x86_64_17.0.9.v20231028-0858\jre\bin\jimage.dll
0x00007ffe43570000 - 0x00007ffe437a3000 	C:\WINDOWS\SYSTEM32\DBGHELP.DLL
0x00007ffe48360000 - 0x00007ffe486e9000 	C:\WINDOWS\System32\combase.dll
0x00007ffe48220000 - 0x00007ffe482f7000 	C:\WINDOWS\System32\OLEAUT32.dll
0x00007ffe3b160000 - 0x00007ffe3b192000 	C:\WINDOWS\SYSTEM32\dbgcore.DLL
0x00007ffe46350000 - 0x00007ffe463ca000 	C:\WINDOWS\System32\bcryptPrimitives.dll
0x00007ffe31bc0000 - 0x00007ffe31be5000 	C:\Users\RAVITEJA UPPUTOLLA\Downloads\sts-4.21.0.RELEASE\plugins\org.eclipse.justj.openjdk.hotspot.jre.full.win32.x86_64_17.0.9.v20231028-0858\jre\bin\java.dll
0x00007ffe31ba0000 - 0x00007ffe31bb8000 	C:\Users\RAVITEJA UPPUTOLLA\Downloads\sts-4.21.0.RELEASE\plugins\org.eclipse.justj.openjdk.hotspot.jre.full.win32.x86_64_17.0.9.v20231028-0858\jre\bin\zip.dll
0x00007ffe47630000 - 0x00007ffe47e8a000 	C:\WINDOWS\System32\SHELL32.dll
0x00007ffe43b30000 - 0x00007ffe44426000 	C:\WINDOWS\SYSTEM32\windows.storage.dll
0x00007ffe439f0000 - 0x00007ffe43b2e000 	C:\WINDOWS\SYSTEM32\wintypes.dll
0x00007ffe48120000 - 0x00007ffe48213000 	C:\WINDOWS\System32\SHCORE.dll
0x00007ffe480c0000 - 0x00007ffe4811e000 	C:\WINDOWS\System32\shlwapi.dll
0x00007ffe45b00000 - 0x00007ffe45b26000 	C:\WINDOWS\SYSTEM32\profapi.dll
0x00007ffe31b80000 - 0x00007ffe31b99000 	C:\Users\RAVITEJA UPPUTOLLA\Downloads\sts-4.21.0.RELEASE\plugins\org.eclipse.justj.openjdk.hotspot.jre.full.win32.x86_64_17.0.9.v20231028-0858\jre\bin\net.dll
0x00007ffe3f9a0000 - 0x00007ffe3fad7000 	C:\WINDOWS\SYSTEM32\WINHTTP.dll
0x00007ffe45170000 - 0x00007ffe451d9000 	C:\WINDOWS\system32\mswsock.dll
0x00007ffe31b60000 - 0x00007ffe31b76000 	C:\Users\RAVITEJA UPPUTOLLA\Downloads\sts-4.21.0.RELEASE\plugins\org.eclipse.justj.openjdk.hotspot.jre.full.win32.x86_64_17.0.9.v20231028-0858\jre\bin\nio.dll
0x00007ffe2b6a0000 - 0x00007ffe2b6a9000 	C:\Users\RAVITEJA UPPUTOLLA\Downloads\sts-4.21.0.RELEASE\plugins\org.eclipse.justj.openjdk.hotspot.jre.full.win32.x86_64_17.0.9.v20231028-0858\jre\bin\management.dll
0x00007ffe2b660000 - 0x00007ffe2b66b000 	C:\Users\RAVITEJA UPPUTOLLA\Downloads\sts-4.21.0.RELEASE\plugins\org.eclipse.justj.openjdk.hotspot.jre.full.win32.x86_64_17.0.9.v20231028-0858\jre\bin\management_ext.dll
0x00007ffe46b40000 - 0x00007ffe46b48000 	C:\WINDOWS\System32\PSAPI.DLL
0x00007ffe31b40000 - 0x00007ffe31b4e000 	C:\Users\RAVITEJA UPPUTOLLA\Downloads\sts-4.21.0.RELEASE\plugins\org.eclipse.justj.openjdk.hotspot.jre.full.win32.x86_64_17.0.9.v20231028-0858\jre\bin\sunmscapi.dll
0x00007ffe45bd0000 - 0x00007ffe45d36000 	C:\WINDOWS\System32\CRYPT32.dll
0x00007ffe45580000 - 0x00007ffe455ae000 	C:\WINDOWS\SYSTEM32\ncrypt.dll
0x00007ffe45540000 - 0x00007ffe45577000 	C:\WINDOWS\SYSTEM32\NTASN1.dll
0x00007ffe453c0000 - 0x00007ffe453db000 	C:\WINDOWS\SYSTEM32\CRYPTSP.dll
0x00007ffe44c50000 - 0x00007ffe44c85000 	C:\WINDOWS\system32\rsaenh.dll
0x00007ffe45260000 - 0x00007ffe4528c000 	C:\WINDOWS\SYSTEM32\USERENV.dll
0x00007ffe453e0000 - 0x00007ffe453ec000 	C:\WINDOWS\SYSTEM32\CRYPTBASE.dll
0x00007ffe44700000 - 0x00007ffe4472d000 	C:\WINDOWS\SYSTEM32\IPHLPAPI.DLL
0x00007ffe486f0000 - 0x00007ffe486f9000 	C:\WINDOWS\System32\NSI.dll
0x00007ffe3fbc0000 - 0x00007ffe3fbd9000 	C:\WINDOWS\SYSTEM32\dhcpcsvc6.DLL
0x00007ffe3f740000 - 0x00007ffe3f75f000 	C:\WINDOWS\SYSTEM32\dhcpcsvc.DLL
0x00007ffe44770000 - 0x00007ffe44869000 	C:\WINDOWS\SYSTEM32\DNSAPI.dll
0x00007ffe31b50000 - 0x00007ffe31b60000 	C:\Users\RAVITEJA UPPUTOLLA\Downloads\sts-4.21.0.RELEASE\plugins\org.eclipse.justj.openjdk.hotspot.jre.full.win32.x86_64_17.0.9.v20231028-0858\jre\bin\verify.dll
0x00007ffe3af50000 - 0x00007ffe3af5a000 	C:\Windows\System32\rasadhlp.dll
0x00007ffe3ee80000 - 0x00007ffe3ef03000 	C:\WINDOWS\System32\fwpuclnt.dll
0x00007ffe31b30000 - 0x00007ffe31b38000 	C:\WINDOWS\system32\wshunix.dll

dbghelp: loaded successfully - version: 4.0.5 - missing functions: none
symbol engine: initialized successfully - sym options: 0x614 - pdb path: .;C:\Users\RAVITEJA UPPUTOLLA\Downloads\sts-4.21.0.RELEASE\plugins\org.eclipse.justj.openjdk.hotspot.jre.full.win32.x86_64_17.0.9.v20231028-0858\jre\bin;C:\WINDOWS\SYSTEM32;C:\WINDOWS\WinSxS\amd64_microsoft.windows.common-controls_6595b64144ccf1df_6.0.22621.2506_none_270c5ae97388e100;C:\Users\RAVITEJA UPPUTOLLA\Downloads\sts-4.21.0.RELEASE\plugins\org.eclipse.justj.openjdk.hotspot.jre.full.win32.x86_64_17.0.9.v20231028-0858\jre\bin\server

VM Arguments:
jvm_args: -Dfile.encoding=UTF-8 -Dstdout.encoding=UTF-8 -Dstderr.encoding=UTF-8 -XX:+ShowCodeDetailsInExceptionMessages 
java_command: com.example.demo.TunehubApplication
java_class_path (initial): C:\Users\RAVITEJA UPPUTOLLA\Documents\workspace-spring-tool-suite-4-4.21.0.RELEASE\Tunehub\target\classes;C:\Users\RAVITEJA UPPUTOLLA\.m2\repository\org\springframework\boot\spring-boot-starter-data-jpa\3.2.2\spring-boot-starter-data-jpa-3.2.2.jar;C:\Users\RAVITEJA UPPUTOLLA\.m2\repository\org\springframework\boot\spring-boot-starter-aop\3.2.2\spring-boot-starter-aop-3.2.2.jar;C:\Users\RAVITEJA UPPUTOLLA\.m2\repository\org\springframework\spring-aop\6.1.3\spring-aop-6.1.3.jar;C:\Users\RAVITEJA UPPUTOLLA\.m2\repository\org\aspectj\aspectjweaver\1.9.21\aspectjweaver-1.9.21.jar;C:\Users\RAVITEJA UPPUTOLLA\.m2\repository\org\springframework\boot\spring-boot-starter-jdbc\3.2.2\spring-boot-starter-jdbc-3.2.2.jar;C:\Users\RAVITEJA UPPUTOLLA\.m2\repository\com\zaxxer\HikariCP\5.0.1\HikariCP-5.0.1.jar;C:\Users\RAVITEJA UPPUTOLLA\.m2\repository\org\springframework\spring-jdbc\6.1.3\spring-jdbc-6.1.3.jar;C:\Users\RAVITEJA UPPUTOLLA\.m2\repository\org\hibernate\orm\hibernate-core\6.4.1.Final\hibernate-core-6.4.1.Final.jar;C:\Users\RAVITEJA UPPUTOLLA\.m2\repository\jakarta\persistence\jakarta.persistence-api\3.1.0\jakarta.persistence-api-3.1.0.jar;C:\Users\RAVITEJA UPPUTOLLA\.m2\repository\jakarta\transaction\jakarta.transaction-api\2.0.1\jakarta.transaction-api-2.0.1.jar;C:\Users\RAVITEJA UPPUTOLLA\.m2\repository\org\jboss\logging\jboss-logging\3.5.3.Final\jboss-logging-3.5.3.Final.jar;C:\Users\RAVITEJA UPPUTOLLA\.m2\repository\org\hibernate\common\hibernate-commons-annotations\6.0.6.Final\hibernate-commons-annotations-6.0.6.Final.jar;C:\Users\RAVITEJA UPPUTOLLA\.m2\repository\io\smallrye\jandex\3.1.2\jandex-3.1.2.jar;C:\Users\RAVITEJA UPPUTOLLA\.m2\repository\com\fasterxml\classmate\1.6.0\classmate-1.6.0.jar;C:\Users\RAVITEJA UPPUTOLLA\.m2\repository\net\bytebuddy\byte-buddy\1.14.11\byte-buddy-1.14.11.jar;C:\Users\RAVITEJA UPPUTOLLA\.m2\repository\org\glassfish\jaxb\jaxb-runtime\4.0.4\jaxb-runtime-4.0.4.jar;C:\Users\RAVITEJA UPPUTOLLA\.m2\repositor
Launcher Type: SUN_STANDARD

[Global flags]
     intx CICompilerCount                          = 4                                         {product} {ergonomic}
     uint ConcGCThreads                            = 2                                         {product} {ergonomic}
     uint G1ConcRefinementThreads                  = 8                                         {product} {ergonomic}
   size_t G1HeapRegionSize                         = 1048576                                   {product} {ergonomic}
    uintx GCDrainStackTargetSize                   = 64                                        {product} {ergonomic}
   size_t InitialHeapSize                          = 134217728                                 {product} {ergonomic}
   size_t MarkStackSize                            = 4194304                                   {product} {ergonomic}
   size_t MaxHeapSize                              = 2122317824                                {product} {ergonomic}
   size_t MaxNewSize                               = 1272971264                                {product} {ergonomic}
   size_t MinHeapDeltaBytes                        = 1048576                                   {product} {ergonomic}
   size_t MinHeapSize                              = 8388608                                   {product} {ergonomic}
    uintx NonNMethodCodeHeapSize                   = 5839372                                {pd product} {ergonomic}
    uintx NonProfiledCodeHeapSize                  = 122909434                              {pd product} {ergonomic}
    uintx ProfiledCodeHeapSize                     = 122909434                              {pd product} {ergonomic}
    uintx ReservedCodeCacheSize                    = 251658240                              {pd product} {ergonomic}
     bool SegmentedCodeCache                       = true                                      {product} {ergonomic}
     bool ShowCodeDetailsInExceptionMessages       = true                                   {manageable} {command line}
   size_t SoftMaxHeapSize                          = 2122317824                             {manageable} {ergonomic}
     bool UseCompressedClassPointers               = true                           {product lp64_product} {ergonomic}
     bool UseCompressedOops                        = true                           {product lp64_product} {ergonomic}
     bool UseG1GC                                  = true                                      {product} {ergonomic}
     bool UseLargePagesIndividualAllocation        = false                                  {pd product} {ergonomic}

Logging:
Log output configuration:
 #0: stdout all=warning uptime,level,tags
 #1: stderr all=off uptime,level,tags

Environment Variables:
JAVA_HOME=C:\Program Files\Java\jdk-18.0.2
PATH=C:/Users/RAVITEJA UPPUTOLLA/Downloads/sts-4.21.0.RELEASE//plugins/org.eclipse.justj.openjdk.hotspot.jre.full.win32.x86_64_17.0.9.v20231028-0858/jre/bin/server;C:/Users/RAVITEJA UPPUTOLLA/Downloads/sts-4.21.0.RELEASE//plugins/org.eclipse.justj.openjdk.hotspot.jre.full.win32.x86_64_17.0.9.v20231028-0858/jre/bin;C:\Program Files\Common Files\Oracle\Java\javapath;C:\WINDOWS\system32;C:\WINDOWS;C:\WINDOWS\System32\Wbem;C:\WINDOWS\System32\WindowsPowerShell\v1.0\;C:\WINDOWS\System32\OpenSSH\;C:\Program Files\Java\jdk-18.0.2\bin;C:\MySQL\MySQL Server 8.1\bin;C:\Program Files\nodejs\;C:\Users\RAVITEJA UPPUTOLLA\AppData\Local\Microsoft\WindowsApps;;C:\Program Files\JetBrains\IntelliJ IDEA Community Edition 2022.2\bin;;C:\Users\RAVITEJA UPPUTOLLA\AppData\Local\Programs\Microsoft VS Code\bin;C:\Users\RAVITEJA UPPUTOLLA\AppData\Roaming\npm;C:\Users\RAVITEJA UPPUTOLLA\Downloads\sts-4.21.0.RELEASE;
USERNAME=RAVITEJA UPPUTOLLA
OS=Windows_NT
PROCESSOR_IDENTIFIER=Intel64 Family 6 Model 142 Stepping 10, GenuineIntel
TMP=C:\Users\RAVITE~1\AppData\Local\Temp
TEMP=C:\Users\RAVITE~1\AppData\Local\Temp



Periodic native trim disabled


---------------  S Y S T E M  ---------------

OS:
 Windows 11 , 64 bit Build 22621 (10.0.22621.2506)
OS uptime: 12 days 8:53 hours

CPU: total 8 (initial active 8) (4 cores per cpu, 2 threads per core) family 6 model 142 stepping 10 microcode 0xf0, cx8, cmov, fxsr, ht, mmx, 3dnowpref, sse, sse2, sse3, ssse3, sse4.1, sse4.2, popcnt, lzcnt, tsc, tscinvbit, avx, avx2, aes, erms, clmul, bmi1, bmi2, adx, fma, vzeroupper, clflush, clflushopt
Processor Information for all 8 processors :
  Max Mhz: 1800, Current Mhz: 1600, Mhz Limit: 1584

Memory: 4k page, system-wide physical 8089M (208M free)
TotalPageFile size 32665M (AvailPageFile size 0M)
current process WorkingSet (physical memory assigned to process): 235M, peak: 304M
current process commit charge ("private bytes"): 313M, peak: 351M

vm_info: OpenJDK 64-Bit Server VM (17.0.9+9) for windows-amd64 JRE (17.0.9+9), built on Oct 26 2023 14:01:42 by "admin" with MS VC++ 16.10 / 16.11 (VS2019)

END.
